d:\projects\com-service\src\service\serviceclientgui\release\qrc_serviceclientgui.obj
d:\projects\com-service\src\service\serviceclientgui\release\moc_serviceclientgui.obj
d:\projects\com-service\src\service\serviceclientgui\release\value_to_str.obj
d:\projects\com-service\src\service\serviceclientgui\release\main.obj
d:\projects\com-service\src\service\serviceclientgui\release\service_settings_wnd.obj
d:\projects\com-service\src\service\serviceclientgui\release\service_client_gui.obj
d:\projects\com-service\src\service\serviceclientgui\release\moc_service_client_gui.obj
d:\projects\com-service\src\service\serviceclientgui\release\moc_service_settings_wnd.obj
d:\projects\com-service\src\service\serviceclientgui\release\moc_general_settings_tab.obj
d:\projects\com-service\src\service\serviceclientgui\release\moc_service_settings_tab.obj
d:\projects\com-service\src\service\serviceclientgui\release\service_settings_tab.obj
d:\projects\com-service\src\service\serviceclientgui\release\general_settings_tab.obj
d:\projects\com-service\src\service\serviceclientgui\release\recovery_settings_tab.obj
d:\projects\com-service\src\service\serviceclientgui\release\moc_recovery_settings_tab.obj
d:\projects\com-service\src\service\release\serviceclientgui.exe
d:\projects\com-service\src\service\serviceclientgui\release\moc\moc_general_settings_tab.cpp
d:\projects\com-service\src\service\serviceclientgui\release\moc\moc_service_settings_tab.cpp
d:\projects\com-service\src\service\serviceclientgui\release\rcc\qrc_serviceclientgui.cpp
d:\projects\com-service\src\service\serviceclientgui\release\uic\ui_serviceclientgui.h
d:\projects\com-service\src\service\serviceclientgui\release\moc\moc_serviceclientgui.cpp
d:\projects\com-service\src\service\serviceclientgui\release\moc\moc_servicesettingswnd.cpp
d:\projects\com-service\src\service\serviceclientgui\release\moc\moc_service_client_gui.cpp
d:\projects\com-service\src\service\serviceclientgui\release\moc\moc_service_settings_wnd.cpp
d:\projects\com-service\src\service\serviceclientgui\release\moc\moc_recovery_settings_tab.cpp
d:\projects\com-service\src\service\serviceclientgui\release\serviceclientgui.obj
d:\projects\com-service\src\service\serviceclientgui\release\valuetostr.obj
d:\projects\com-service\src\service\serviceclientgui\release\serviceclientgui.tlog\cl.command.1.tlog
d:\projects\com-service\src\service\serviceclientgui\release\serviceclientgui.tlog\cl.read.1.tlog
d:\projects\com-service\src\service\serviceclientgui\release\serviceclientgui.tlog\cl.write.1.tlog
d:\projects\com-service\src\service\serviceclientgui\release\serviceclientgui.tlog\link.command.1.tlog
d:\projects\com-service\src\service\serviceclientgui\release\serviceclientgui.tlog\link.read.1.tlog
d:\projects\com-service\src\service\serviceclientgui\release\serviceclientgui.tlog\link.write.1.tlog
d:\projects\com-service\src\service\serviceclientgui\release\serviceclientgui.tlog\moc.read.1u.tlog
d:\projects\com-service\src\service\serviceclientgui\release\serviceclientgui.tlog\moc.write.1u.tlog
d:\projects\com-service\src\service\serviceclientgui\release\serviceclientgui.tlog\rcc.read.1u.tlog
d:\projects\com-service\src\service\serviceclientgui\release\serviceclientgui.tlog\rcc.write.1u.tlog
d:\projects\com-service\src\service\serviceclientgui\release\serviceclientgui.tlog\serviceclientgui.write.1u.tlog
d:\projects\com-service\src\service\serviceclientgui\release\serviceclientgui.tlog\uic.read.1u.tlog
d:\projects\com-service\src\service\serviceclientgui\release\serviceclientgui.tlog\uic.write.1u.tlog
