d:\projects\com-service\src\service\servicemanager\release\vc142.pdb
d:\projects\com-service\src\service\servicemanager\release\service_manager.nativecodeanalysis.sarif
d:\projects\com-service\src\service\servicemanager\release\service_manager.nativecodeanalysis.xml
d:\projects\com-service\src\service\servicemanager\release\server.nativecodeanalysis.sarif
d:\projects\com-service\src\service\servicemanager\release\server.nativecodeanalysis.xml
d:\projects\com-service\src\service\servicemanager\release\manager_class_factory.nativecodeanalysis.sarif
d:\projects\com-service\src\service\servicemanager\release\manager_class_factory.nativecodeanalysis.xml
d:\projects\com-service\src\service\servicemanager\release\locks.nativecodeanalysis.sarif
d:\projects\com-service\src\service\servicemanager\release\locks.nativecodeanalysis.xml
d:\projects\com-service\src\service\servicemanager\release\locks.obj
d:\projects\com-service\src\service\servicemanager\release\manager_class_factory.obj
d:\projects\com-service\src\service\servicemanager\release\server.obj
d:\projects\com-service\src\service\servicemanager\release\service_manager.obj
d:\projects\com-service\src\service\servicemanager\release\servicemanager.tlb
d:\projects\com-service\src\service\servicemanager\server_type_info_i.c
d:\projects\com-service\src\service\servicemanager\server_type_info_h.h
d:\projects\com-service\src\service\release\servicemanager.exe
d:\projects\com-service\src\service\servicemanager\release\servicemanager.tlog\cl.command.1.tlog
d:\projects\com-service\src\service\servicemanager\release\servicemanager.tlog\cl.read.1.tlog
d:\projects\com-service\src\service\servicemanager\release\servicemanager.tlog\cl.write.1.tlog
d:\projects\com-service\src\service\servicemanager\release\servicemanager.tlog\link.command.1.tlog
d:\projects\com-service\src\service\servicemanager\release\servicemanager.tlog\link.read.1.tlog
d:\projects\com-service\src\service\servicemanager\release\servicemanager.tlog\midl.command.1.tlog
d:\projects\com-service\src\service\servicemanager\release\servicemanager.tlog\midl.read.1.tlog
d:\projects\com-service\src\service\servicemanager\release\servicemanager.tlog\midl.write.1.tlog
